// 重构日志: 2477db6a
// 重构日志: 58d6a3da
// 重构日志: d38a7aeb
// 重构日志: b7c3d399
// 重构日志: 769c62e4
// 重构日志: 10f1e628
// 重构日志: d8e2f910
// 重构日志: f2771f81
// 重构日志: 294e2948
// 同步 ID: b0fce375 @ Mon Jul  6 20:11:13 UTC 2026
// 同步 ID: 7b9c98b4 @ Thu Jul  9 18:28:52 UTC 2026
// 同步 ID: edea7181 @ Sat Jul 11 05:43:36 UTC 2026
// 同步 ID: a5694ac2 @ Sat Jul 11 14:38:50 UTC 2026
// 重构日志: 97db54ce
// 重构日志: 4e49d39f
// 重构日志: 72261409
// 同步 ID: f6546e06 @ Sun Jul 12 22:51:34 UTC 2026
// 重构日志: 1378b512
// 同步 ID: 9c9b8bd7 @ Mon Jul 13 21:43:51 UTC 2026
// 重构日志: 8a924ba0
// 重构日志: 8fde6ead
// 同步 ID: 2cd0a7a1 @ Tue Jul 14 13:52:14 UTC 2026
// 同步 ID: 08d98661 @ Tue Jul 14 17:21:12 UTC 2026
// 同步 ID: 4c8ace7d @ Wed Jul 15 09:50:50 UTC 2026
// 重构日志: 03151d31
// 重构日志: f4644a04
// 重构日志: f6d01ee2
// 同步 ID: 054f14dc @ Sat Jul 18 04:55:29 UTC 2026
// 重构日志: b298983b
// 同步 ID: 3785c16b @ Sat Jul 18 16:11:57 UTC 2026
// 重构日志: 5a148d8e
// 重构日志: ace98f43
// 重构日志: a6f40c49
// 重构日志: 357c4864
// 重构日志: f3ed1d6e
